<?xml version="1.0" encoding="UTF-8"?>
<testsuite name="is.ru.tictactoe.TicTacToeTests" tests="2" skipped="0" failures="0" errors="0" timestamp="2016-10-27T17:57:21" hostname="clients-pool-1.nat.ru.is" time="0.002">
  <properties/>
  <testcase name="GridTest" classname="is.ru.tictactoe.TicTacToeTests" time="0.002"/>
  <testcase name="ConstructorTest" classname="is.ru.tictactoe.TicTacToeTests" time="0.0"/>
  <system-out><![CDATA[]]></system-out>
  <system-err><![CDATA[]]></system-err>
</testsuite>
