<?xml version="1.0" encoding="UTF-8"?>
<testsuite name="is.ru.tictactoe.TicTacToeTests" tests="14" skipped="0" failures="0" errors="0" timestamp="2016-11-02T21:24:16" hostname="Gunnars-MacBook-Pro.local" time="0.008">
  <properties/>
  <testcase name="testWinnerXSecondCol" classname="is.ru.tictactoe.TicTacToeTests" time="0.004"/>
  <testcase name="testVerticalWinner" classname="is.ru.tictactoe.TicTacToeTests" time="0.0"/>
  <testcase name="testReset" classname="is.ru.tictactoe.TicTacToeTests" time="0.0"/>
  <testcase name="testGridIsEmpty" classname="is.ru.tictactoe.TicTacToeTests" time="0.0"/>
  <testcase name="testWinnerXThirdCol" classname="is.ru.tictactoe.TicTacToeTests" time="0.001"/>
  <testcase name="testOtherDiagonalWinner" classname="is.ru.tictactoe.TicTacToeTests" time="0.0"/>
  <testcase name="testGridSize" classname="is.ru.tictactoe.TicTacToeTests" time="0.0"/>
  <testcase name="testInsertAt" classname="is.ru.tictactoe.TicTacToeTests" time="0.0"/>
  <testcase name="testGetPlayer" classname="is.ru.tictactoe.TicTacToeTests" time="0.0"/>
  <testcase name="testCharAtIndex" classname="is.ru.tictactoe.TicTacToeTests" time="0.001"/>
  <testcase name="testCharAtIndexFails" classname="is.ru.tictactoe.TicTacToeTests" time="0.0"/>
  <testcase name="testHorizontalWinner" classname="is.ru.tictactoe.TicTacToeTests" time="0.0"/>
  <testcase name="testNobodyWins" classname="is.ru.tictactoe.TicTacToeTests" time="0.0"/>
  <testcase name="testDiagonalWinner" classname="is.ru.tictactoe.TicTacToeTests" time="0.0"/>
  <system-out><![CDATA[]]></system-out>
  <system-err><![CDATA[]]></system-err>
</testsuite>
